<?xml version="1.0"?>
<!DOCTYPE coverage SYSTEM "http://cobertura.sourceforge.net/xml/coverage-04.dtd">

<coverage line-rate="1.0" branch-rate="1.0" lines-covered="0" lines-valid="0" branches-covered="0" branches-valid="0" complexity="1.0" version="2.1.1" timestamp="1462801208831">
	<sources>
		<source>--source</source>
		<source>/Users/sanqi/workspace/zjgsu-abroadStu-web/backend/zjgsu-abroadStu/abroadStu-persist/src/main/java</source>
	</sources>
	<packages>
		<package name="com.zjgsu.abroadStu.persistence" line-rate="1.0" branch-rate="1.0" complexity="1.0">
			<classes>
				<class name="com.zjgsu.abroadStu.persistence.AdminMapper" filename="com/zjgsu/abroadStu/persistence/AdminMapper.java" line-rate="1.0" branch-rate="1.0" complexity="1.0">
					<methods>
					</methods>
					<lines>
					</lines>
				</class>
				<class name="com.zjgsu.abroadStu.persistence.ClassroomMapper" filename="com/zjgsu/abroadStu/persistence/ClassroomMapper.java" line-rate="1.0" branch-rate="1.0" complexity="1.0">
					<methods>
					</methods>
					<lines>
					</lines>
				</class>
				<class name="com.zjgsu.abroadStu.persistence.CourseMapper" filename="com/zjgsu/abroadStu/persistence/CourseMapper.java" line-rate="1.0" branch-rate="1.0" complexity="1.0">
					<methods>
					</methods>
					<lines>
					</lines>
				</class>
				<class name="com.zjgsu.abroadStu.persistence.StudentMapper" filename="com/zjgsu/abroadStu/persistence/StudentMapper.java" line-rate="1.0" branch-rate="1.0" complexity="1.0">
					<methods>
					</methods>
					<lines>
					</lines>
				</class>
				<class name="com.zjgsu.abroadStu.persistence.TeacherMapper" filename="com/zjgsu/abroadStu/persistence/TeacherMapper.java" line-rate="1.0" branch-rate="1.0" complexity="1.0">
					<methods>
					</methods>
					<lines>
					</lines>
				</class>
			</classes>
		</package>
	</packages>
</coverage>
